<?xml version="1.0" encoding="UTF-8"?>
<!-- Generated by org.testng.reporters.JUnitXMLReporter -->
<testsuite hostname="xyz-PC" ignored="0" name="Default test" tests="5" failures="0" timestamp="24 Dec 2020 13:20:23 GMT" time="11.717" errors="0">
  <testcase name="test_getAllVideoGames" time="6.815" classname="testCases.TC_VideoGameAPI"/>
  <testcase name="test_addNewVoideoGame" time="4.074" classname="testCases.TC_VideoGameAPI"/>
  <testcase name="test_getVideoGame" time="0.581" classname="testCases.TC_VideoGameAPI"/>
  <testcase name="test_updateVideoGame" time="0.119" classname="testCases.TC_VideoGameAPI"/>
  <testcase name="test_DeleteVideoGame" time="0.044" classname="testCases.TC_VideoGameAPI"/>
</testsuite> <!-- Default test -->
