<?xml version="1.0" encoding="UTF-8"?>
<!-- Generated by org.testng.reporters.JUnitXMLReporter -->
<testsuite hostname="xyz-PC" ignored="0" name="Test" tests="5" failures="0" timestamp="24 Dec 2020 13:25:42 GMT" time="5.123" errors="0">
  <testcase name="test_getAllVideoGames" time="3.595" classname="testCases.TC_VideoGameAPI"/>
  <testcase name="test_addNewVoideoGame" time="0.611" classname="testCases.TC_VideoGameAPI"/>
  <testcase name="test_getVideoGame" time="0.675" classname="testCases.TC_VideoGameAPI"/>
  <testcase name="test_updateVideoGame" time="0.104" classname="testCases.TC_VideoGameAPI"/>
  <testcase name="test_DeleteVideoGame" time="0.038" classname="testCases.TC_VideoGameAPI"/>
</testsuite> <!-- Test -->
