<?xml version="1.0" encoding="UTF-8"?>
<!-- Generated by org.testng.reporters.JUnitXMLReporter -->
<testsuite hostname="xyz-PC" ignored="0" name="Test" tests="6" failures="0" timestamp="31 Jan 2021 07:09:51 GMT" time="8.567" errors="0">
  <testcase name="addnewUser" time="5.091" classname="testCases.TC_reqres"/>
  <testcase name="getUser" time="0.993" classname="testCases.TC_reqres"/>
  <testcase name="getUsers" time="0.372" classname="testCases.TC_reqres"/>
  <testcase name="testDelete" time="0.676" classname="testCases.TC_reqres"/>
  <testcase name="testPatch" time="0.678" classname="testCases.TC_reqres"/>
  <testcase name="testPut" time="0.641" classname="testCases.TC_reqres"/>
</testsuite> <!-- Test -->
