<?xml version="1.0" encoding="UTF-8"?>
<!-- Generated by org.testng.reporters.JUnitXMLReporter -->
<testsuite hostname="xyz-PC" ignored="0" name="Test" tests="6" failures="0" timestamp="31 Jan 2021 07:50:45 GMT" time="9.127" errors="0">
  <testcase name="addnewUser" time="5.621" classname="testCases.TC_reqres"/>
  <testcase name="getUser" time="0.97" classname="testCases.TC_reqres"/>
  <testcase name="getUsers" time="0.383" classname="testCases.TC_reqres"/>
  <testcase name="testDelete" time="0.649" classname="testCases.TC_reqres"/>
  <testcase name="testPatch" time="0.721" classname="testCases.TC_reqres"/>
  <testcase name="testPut" time="0.727" classname="testCases.TC_reqres"/>
</testsuite> <!-- Test -->
