<?xml version="1.0" encoding="UTF-8"?>
<!-- Generated by org.testng.reporters.JUnitXMLReporter -->
<testsuite hostname="xyz-PC" ignored="0" name="Test" tests="5" failures="0" timestamp="24 Dec 2020 14:00:01 GMT" time="7.687" errors="0">
  <testcase name="test_getAllVideoGames" time="3.347" classname="testCases.TC_VideoGameAPI"/>
  <testcase name="test_addNewVoideoGame" time="0.629" classname="testCases.TC_VideoGameAPI"/>
  <testcase name="test_getVideoGame" time="0.525" classname="testCases.TC_VideoGameAPI"/>
  <testcase name="test_updateVideoGame" time="0.109" classname="testCases.TC_VideoGameAPI"/>
  <testcase name="test_DeleteVideoGame" time="3.032" classname="testCases.TC_VideoGameAPI"/>
</testsuite> <!-- Test -->
