<?xml version="1.0" encoding="UTF-8"?>
<testng-results skipped="0" failed="0" ignored="0" total="5" passed="5">
  <reporter-output>
  </reporter-output>
  <suite name="Suite" duration-ms="7687" started-at="2020-12-24T13:59:53Z" finished-at="2020-12-24T14:00:01Z">
    <groups>
    </groups>
    <test name="Test" duration-ms="7687" started-at="2020-12-24T13:59:53Z" finished-at="2020-12-24T14:00:01Z">
      <class name="testCases.TC_VideoGameAPI">
        <test-method status="PASS" signature="test_getAllVideoGames()[pri:1, instance:testCases.TC_VideoGameAPI@194a1b5]" name="test_getAllVideoGames" duration-ms="3347" started-at="2020-12-24T13:59:53Z" finished-at="2020-12-24T13:59:57Z">
          <reporter-output>
          </reporter-output>
        </test-method> <!-- test_getAllVideoGames -->
        <test-method status="PASS" signature="test_addNewVoideoGame()[pri:2, instance:testCases.TC_VideoGameAPI@194a1b5]" name="test_addNewVoideoGame" duration-ms="629" started-at="2020-12-24T13:59:57Z" finished-at="2020-12-24T13:59:57Z">
          <reporter-output>
          </reporter-output>
        </test-method> <!-- test_addNewVoideoGame -->
        <test-method status="PASS" signature="test_getVideoGame()[pri:3, instance:testCases.TC_VideoGameAPI@194a1b5]" name="test_getVideoGame" duration-ms="525" started-at="2020-12-24T13:59:57Z" finished-at="2020-12-24T13:59:58Z">
          <reporter-output>
          </reporter-output>
        </test-method> <!-- test_getVideoGame -->
        <test-method status="PASS" signature="test_updateVideoGame()[pri:4, instance:testCases.TC_VideoGameAPI@194a1b5]" name="test_updateVideoGame" duration-ms="109" started-at="2020-12-24T13:59:58Z" finished-at="2020-12-24T13:59:58Z">
          <reporter-output>
          </reporter-output>
        </test-method> <!-- test_updateVideoGame -->
        <test-method status="PASS" signature="test_DeleteVideoGame()[pri:5, instance:testCases.TC_VideoGameAPI@194a1b5]" name="test_DeleteVideoGame" duration-ms="3032" started-at="2020-12-24T13:59:58Z" finished-at="2020-12-24T14:00:01Z">
          <reporter-output>
          </reporter-output>
        </test-method> <!-- test_DeleteVideoGame -->
      </class> <!-- testCases.TC_VideoGameAPI -->
    </test> <!-- Test -->
  </suite> <!-- Suite -->
</testng-results>
