<?xml version="1.0" encoding="UTF-8"?>
<testng-results skipped="0" failed="0" ignored="0" total="6" passed="6">
  <reporter-output>
  </reporter-output>
  <suite name="Suite" duration-ms="9127" started-at="2021-01-31T07:50:35Z" finished-at="2021-01-31T07:50:45Z">
    <groups>
    </groups>
    <test name="Test" duration-ms="9127" started-at="2021-01-31T07:50:35Z" finished-at="2021-01-31T07:50:45Z">
      <class name="testCases.TC_reqres">
        <test-method status="PASS" signature="addnewUser()[pri:0, instance:testCases.TC_reqres@8dacdf]" name="addnewUser" duration-ms="5621" started-at="2021-01-31T07:50:35Z" finished-at="2021-01-31T07:50:41Z">
          <reporter-output>
          </reporter-output>
        </test-method> <!-- addnewUser -->
        <test-method status="PASS" signature="getUser()[pri:0, instance:testCases.TC_reqres@8dacdf]" name="getUser" duration-ms="970" started-at="2021-01-31T07:50:41Z" finished-at="2021-01-31T07:50:42Z">
          <reporter-output>
          </reporter-output>
        </test-method> <!-- getUser -->
        <test-method status="PASS" signature="getUsers()[pri:0, instance:testCases.TC_reqres@8dacdf]" name="getUsers" duration-ms="383" started-at="2021-01-31T07:50:42Z" finished-at="2021-01-31T07:50:42Z">
          <reporter-output>
          </reporter-output>
        </test-method> <!-- getUsers -->
        <test-method status="PASS" signature="testDelete()[pri:0, instance:testCases.TC_reqres@8dacdf]" name="testDelete" duration-ms="649" started-at="2021-01-31T07:50:42Z" finished-at="2021-01-31T07:50:43Z">
          <reporter-output>
          </reporter-output>
        </test-method> <!-- testDelete -->
        <test-method status="PASS" signature="testPatch()[pri:0, instance:testCases.TC_reqres@8dacdf]" name="testPatch" duration-ms="721" started-at="2021-01-31T07:50:43Z" finished-at="2021-01-31T07:50:44Z">
          <reporter-output>
          </reporter-output>
        </test-method> <!-- testPatch -->
        <test-method status="PASS" signature="testPut()[pri:0, instance:testCases.TC_reqres@8dacdf]" name="testPut" duration-ms="727" started-at="2021-01-31T07:50:44Z" finished-at="2021-01-31T07:50:45Z">
          <reporter-output>
          </reporter-output>
        </test-method> <!-- testPut -->
      </class> <!-- testCases.TC_reqres -->
    </test> <!-- Test -->
  </suite> <!-- Suite -->
</testng-results>
