<?xml version="1.0" encoding="UTF-8"?>
<testng-results skipped="0" failed="0" ignored="0" total="5" passed="5">
  <reporter-output>
  </reporter-output>
  <suite name="Suite" duration-ms="5123" started-at="2020-12-24T13:25:37Z" finished-at="2020-12-24T13:25:42Z">
    <groups>
    </groups>
    <test name="Test" duration-ms="5123" started-at="2020-12-24T13:25:37Z" finished-at="2020-12-24T13:25:42Z">
      <class name="testCases.TC_VideoGameAPI">
        <test-method status="PASS" signature="test_getAllVideoGames()[pri:1, instance:testCases.TC_VideoGameAPI@1ce4f0a]" name="test_getAllVideoGames" duration-ms="3595" started-at="2020-12-24T13:25:37Z" finished-at="2020-12-24T13:25:40Z">
          <reporter-output>
          </reporter-output>
        </test-method> <!-- test_getAllVideoGames -->
        <test-method status="PASS" signature="test_addNewVoideoGame()[pri:2, instance:testCases.TC_VideoGameAPI@1ce4f0a]" name="test_addNewVoideoGame" duration-ms="611" started-at="2020-12-24T13:25:40Z" finished-at="2020-12-24T13:25:41Z">
          <reporter-output>
          </reporter-output>
        </test-method> <!-- test_addNewVoideoGame -->
        <test-method status="PASS" signature="test_getVideoGame()[pri:3, instance:testCases.TC_VideoGameAPI@1ce4f0a]" name="test_getVideoGame" duration-ms="675" started-at="2020-12-24T13:25:41Z" finished-at="2020-12-24T13:25:42Z">
          <reporter-output>
          </reporter-output>
        </test-method> <!-- test_getVideoGame -->
        <test-method status="PASS" signature="test_updateVideoGame()[pri:4, instance:testCases.TC_VideoGameAPI@1ce4f0a]" name="test_updateVideoGame" duration-ms="104" started-at="2020-12-24T13:25:42Z" finished-at="2020-12-24T13:25:42Z">
          <reporter-output>
          </reporter-output>
        </test-method> <!-- test_updateVideoGame -->
        <test-method status="PASS" signature="test_DeleteVideoGame()[pri:5, instance:testCases.TC_VideoGameAPI@1ce4f0a]" name="test_DeleteVideoGame" duration-ms="38" started-at="2020-12-24T13:25:42Z" finished-at="2020-12-24T13:25:42Z">
          <reporter-output>
          </reporter-output>
        </test-method> <!-- test_DeleteVideoGame -->
      </class> <!-- testCases.TC_VideoGameAPI -->
    </test> <!-- Test -->
  </suite> <!-- Suite -->
</testng-results>
